<?xml version="1.0" encoding="UTF-8"?>
<coverage generated="1773006985723" clover="3.2.0">
  <project timestamp="1773006985723" name="All files">
    <metrics statements="115" coveredstatements="81" conditionals="52" coveredconditionals="41" methods="17" coveredmethods="11" elements="184" coveredelements="133" complexity="0" loc="115" ncloc="115" packages="1" files="1" classes="1"/>
    <file name="validator.js" path="/Users/jeff/tmp/dude/epub-css-validator/lib/validator.js">
      <metrics statements="115" coveredstatements="81" conditionals="52" coveredconditionals="41" methods="17" coveredmethods="11"/>
      <line num="26" count="3" type="stmt"/>
      <line num="27" count="3" type="stmt"/>
      <line num="29" count="3" type="stmt"/>
      <line num="30" count="3" type="stmt"/>
      <line num="31" count="3" type="stmt"/>
      <line num="32" count="3" type="stmt"/>
      <line num="33" count="3" type="stmt"/>
      <line num="39" count="0" type="stmt"/>
      <line num="40" count="0" type="stmt"/>
      <line num="41" count="0" type="stmt"/>
      <line num="48" count="12" type="stmt"/>
      <line num="49" count="12" type="stmt"/>
      <line num="51" count="0" type="stmt"/>
      <line num="59" count="0" type="stmt"/>
      <line num="60" count="0" type="stmt"/>
      <line num="61" count="0" type="stmt"/>
      <line num="63" count="0" type="stmt"/>
      <line num="71" count="0" type="stmt"/>
      <line num="74" count="0" type="stmt"/>
      <line num="77" count="0" type="stmt"/>
      <line num="80" count="0" type="stmt"/>
      <line num="85" count="0" type="stmt"/>
      <line num="87" count="0" type="stmt"/>
      <line num="94" count="0" type="stmt"/>
      <line num="95" count="0" type="stmt"/>
      <line num="96" count="0" type="stmt"/>
      <line num="98" count="0" type="stmt"/>
      <line num="106" count="17" type="stmt"/>
      <line num="110" count="17" type="stmt"/>
      <line num="111" count="17" type="cond" truecount="2" falsecount="0"/>
      <line num="112" count="2" type="stmt"/>
      <line num="115" count="15" type="stmt"/>
      <line num="116" count="15" type="stmt"/>
      <line num="117" count="15" type="stmt"/>
      <line num="118" count="15" type="stmt"/>
      <line num="121" count="15" type="cond" truecount="2" falsecount="0"/>
      <line num="122" count="15" type="stmt"/>
      <line num="124" count="15" type="cond" truecount="1" falsecount="1"/>
      <line num="125" count="0" type="stmt"/>
      <line num="128" count="15" type="stmt"/>
      <line num="129" count="15" type="stmt"/>
      <line num="132" count="15" type="cond" truecount="2" falsecount="0"/>
      <line num="133" count="25309" type="stmt"/>
      <line num="134" count="25309" type="cond" truecount="2" falsecount="0"/>
      <line num="135" count="27" type="stmt"/>
      <line num="136" count="25282" type="cond" truecount="2" falsecount="0"/>
      <line num="137" count="42" type="stmt"/>
      <line num="138" count="42" type="cond" truecount="2" falsecount="0"/>
      <line num="139" count="15" type="stmt"/>
      <line num="142" count="25294" type="stmt"/>
      <line num="143" count="25294" type="stmt"/>
      <line num="147" count="15" type="stmt"/>
      <line num="148" count="15" type="stmt"/>
      <line num="149" count="15" type="stmt"/>
      <line num="151" count="0" type="stmt"/>
      <line num="152" count="0" type="cond" truecount="0" falsecount="2"/>
      <line num="153" count="0" type="stmt"/>
      <line num="155" count="0" type="stmt"/>
      <line num="163" count="2" type="stmt"/>
      <line num="180" count="12" type="cond" truecount="1" falsecount="1"/>
      <line num="182" count="0" type="stmt"/>
      <line num="183" count="0" type="stmt"/>
      <line num="186" count="12" type="cond" truecount="1" falsecount="1"/>
      <line num="187" count="0" type="stmt"/>
      <line num="190" count="12" type="stmt"/>
      <line num="196" count="11" type="stmt"/>
      <line num="198" count="11" type="cond" truecount="2" falsecount="0"/>
      <line num="199" count="2" type="stmt"/>
      <line num="200" count="9" type="cond" truecount="2" falsecount="0"/>
      <line num="201" count="2" type="stmt"/>
      <line num="204" count="7" type="cond" truecount="4" falsecount="1"/>
      <line num="205" count="7" type="cond" truecount="1" falsecount="1"/>
      <line num="206" count="7" type="stmt"/>
      <line num="207" count="22" type="cond" truecount="1" falsecount="1"/>
      <line num="208" count="22" type="stmt"/>
      <line num="213" count="32" type="cond" truecount="3" falsecount="1"/>
      <line num="214" count="32" type="cond" truecount="3" falsecount="1"/>
      <line num="216" count="12" type="stmt"/>
      <line num="227" count="0" type="stmt"/>
      <line num="232" count="0" type="stmt"/>
      <line num="233" count="0" type="stmt"/>
      <line num="235" count="0" type="stmt"/>
      <line num="236" count="0" type="stmt"/>
      <line num="237" count="0" type="stmt"/>
      <line num="238" count="0" type="stmt"/>
      <line num="241" count="0" type="stmt"/>
      <line num="248" count="5" type="stmt"/>
      <line num="249" count="4" type="stmt"/>
      <line num="251" count="4" type="stmt"/>
      <line num="252" count="4" type="stmt"/>
      <line num="253" count="1020" type="cond" truecount="4" falsecount="0"/>
      <line num="254" count="3" type="stmt"/>
      <line num="258" count="4" type="stmt"/>
      <line num="259" count="4" type="stmt"/>
      <line num="261" count="4" type="cond" truecount="2" falsecount="0"/>
      <line num="262" count="1" type="stmt"/>
      <line num="263" count="1" type="stmt"/>
      <line num="266" count="3" type="stmt"/>
      <line num="267" count="3" type="stmt"/>
      <line num="268" count="3" type="stmt"/>
      <line num="271" count="3" type="stmt"/>
      <line num="272" count="3" type="stmt"/>
      <line num="274" count="3" type="stmt"/>
      <line num="275" count="3" type="stmt"/>
      <line num="276" count="3" type="stmt"/>
      <line num="277" count="3" type="stmt"/>
      <line num="280" count="3" type="stmt"/>
      <line num="284" count="3" type="stmt"/>
      <line num="291" count="2" type="stmt"/>
      <line num="293" count="2" type="stmt"/>
      <line num="294" count="2" type="stmt"/>
      <line num="295" count="5" type="stmt"/>
      <line num="305" count="2" type="stmt"/>
      <line num="308" count="5" type="stmt"/>
      <line num="314" count="2" type="stmt"/>
    </file>
  </project>
</coverage>
