{"/Users/jeff/tmp/dude/epub-css-validator/lib/validator.js": {"path":"/Users/jeff/tmp/dude/epub-css-validator/lib/validator.js","statementMap":{"0":{"start":{"line":26,"column":18},"end":{"line":26,"column":49}},"1":{"start":{"line":27,"column":18},"end":{"line":27,"column":42}},"2":{"start":{"line":29,"column":21},"end":{"line":29,"column":41}},"3":{"start":{"line":30,"column":20},"end":{"line":30,"column":44}},"4":{"start":{"line":31,"column":18},"end":{"line":31,"column":51}},"5":{"start":{"line":32,"column":19},"end":{"line":32,"column":63}},"6":{"start":{"line":33,"column":24},"end":{"line":33,"column":63}},"7":{"start":{"line":39,"column":14},"end":{"line":39,"column":87}},"8":{"start":{"line":40,"column":19},"end":{"line":40,"column":39}},"9":{"start":{"line":41,"column":2},"end":{"line":41,"column":null}},"10":{"start":{"line":48,"column":2},"end":{"line":52,"column":null}},"11":{"start":{"line":49,"column":4},"end":{"line":49,"column":null}},"12":{"start":{"line":51,"column":4},"end":{"line":51,"column":null}},"13":{"start":{"line":59,"column":2},"end":{"line":64,"column":null}},"14":{"start":{"line":60,"column":17},"end":{"line":60,"column":60}},"15":{"start":{"line":61,"column":4},"end":{"line":61,"column":null}},"16":{"start":{"line":63,"column":4},"end":{"line":63,"column":null}},"17":{"start":{"line":71,"column":17},"end":{"line":71,"column":43}},"18":{"start":{"line":74,"column":2},"end":{"line":74,"column":null}},"19":{"start":{"line":77,"column":2},"end":{"line":77,"column":null}},"20":{"start":{"line":80,"column":15},"end":{"line":84,"column":3}},"21":{"start":{"line":85,"column":2},"end":{"line":85,"column":null}},"22":{"start":{"line":87,"column":2},"end":{"line":87,"column":null}},"23":{"start":{"line":94,"column":2},"end":{"line":99,"column":null}},"24":{"start":{"line":95,"column":21},"end":{"line":95,"column":99}},"25":{"start":{"line":96,"column":4},"end":{"line":96,"column":null}},"26":{"start":{"line":98,"column":4},"end":{"line":98,"column":null}},"27":{"start":{"line":106,"column":2},"end":{"line":156,"column":null}},"28":{"start":{"line":110,"column":23},"end":{"line":110,"column":54}},"29":{"start":{"line":111,"column":4},"end":{"line":113,"column":null}},"30":{"start":{"line":112,"column":6},"end":{"line":112,"column":null}},"31":{"start":{"line":115,"column":16},"end":{"line":115,"column":17}},"32":{"start":{"line":116,"column":18},"end":{"line":116,"column":23}},"33":{"start":{"line":117,"column":23},"end":{"line":117,"column":25}},"34":{"start":{"line":118,"column":12},"end":{"line":118,"column":26}},"35":{"start":{"line":121,"column":4},"end":{"line":123,"column":null}},"36":{"start":{"line":122,"column":6},"end":{"line":122,"column":null}},"37":{"start":{"line":124,"column":4},"end":{"line":126,"column":null}},"38":{"start":{"line":125,"column":6},"end":{"line":125,"column":null}},"39":{"start":{"line":128,"column":4},"end":{"line":128,"column":null}},"40":{"start":{"line":129,"column":4},"end":{"line":129,"column":8}},"41":{"start":{"line":132,"column":4},"end":{"line":144,"column":null}},"42":{"start":{"line":133,"column":19},"end":{"line":133,"column":35}},"43":{"start":{"line":134,"column":6},"end":{"line":141,"column":null}},"44":{"start":{"line":135,"column":8},"end":{"line":135,"column":null}},"45":{"start":{"line":136,"column":13},"end":{"line":141,"column":null}},"46":{"start":{"line":137,"column":8},"end":{"line":137,"column":null}},"47":{"start":{"line":138,"column":8},"end":{"line":140,"column":null}},"48":{"start":{"line":139,"column":10},"end":{"line":139,"column":null}},"49":{"start":{"line":142,"column":6},"end":{"line":142,"column":null}},"50":{"start":{"line":143,"column":6},"end":{"line":143,"column":null}},"51":{"start":{"line":147,"column":21},"end":{"line":147,"column":40}},"52":{"start":{"line":148,"column":18},"end":{"line":148,"column":54}},"53":{"start":{"line":149,"column":4},"end":{"line":149,"column":null}},"54":{"start":{"line":151,"column":4},"end":{"line":151,"column":null}},"55":{"start":{"line":152,"column":4},"end":{"line":154,"column":null}},"56":{"start":{"line":153,"column":6},"end":{"line":153,"column":null}},"57":{"start":{"line":155,"column":4},"end":{"line":155,"column":null}},"58":{"start":{"line":163,"column":2},"end":{"line":171,"column":null}},"59":{"start":{"line":180,"column":2},"end":{"line":188,"column":null}},"60":{"start":{"line":182,"column":32},"end":{"line":182,"column":74}},"61":{"start":{"line":183,"column":4},"end":{"line":183,"column":null}},"62":{"start":{"line":186,"column":26},"end":{"line":186,"column":73}},"63":{"start":{"line":187,"column":4},"end":{"line":187,"column":null}},"64":{"start":{"line":190,"column":17},"end":{"line":194,"column":4}},"65":{"start":{"line":196,"column":17},"end":{"line":196,"column":34}},"66":{"start":{"line":198,"column":2},"end":{"line":211,"column":null}},"67":{"start":{"line":199,"column":4},"end":{"line":199,"column":null}},"68":{"start":{"line":200,"column":9},"end":{"line":211,"column":null}},"69":{"start":{"line":201,"column":4},"end":{"line":201,"column":null}},"70":{"start":{"line":204,"column":4},"end":{"line":210,"column":null}},"71":{"start":{"line":205,"column":6},"end":{"line":205,"column":null}},"72":{"start":{"line":206,"column":6},"end":{"line":209,"column":null}},"73":{"start":{"line":207,"column":25},"end":{"line":207,"column":65}},"74":{"start":{"line":208,"column":8},"end":{"line":208,"column":null}},"75":{"start":{"line":213,"column":21},"end":{"line":213,"column":111}},"76":{"start":{"line":213,"column":77},"end":{"line":213,"column":99}},"77":{"start":{"line":214,"column":23},"end":{"line":214,"column":115}},"78":{"start":{"line":214,"column":79},"end":{"line":214,"column":103}},"79":{"start":{"line":216,"column":2},"end":{"line":220,"column":null}},"80":{"start":{"line":227,"column":19},"end":{"line":230,"column":4}},"81":{"start":{"line":232,"column":20},"end":{"line":232,"column":21}},"82":{"start":{"line":233,"column":22},"end":{"line":233,"column":23}},"83":{"start":{"line":235,"column":2},"end":{"line":239,"column":null}},"84":{"start":{"line":236,"column":19},"end":{"line":236,"column":51}},"85":{"start":{"line":237,"column":4},"end":{"line":237,"column":null}},"86":{"start":{"line":238,"column":4},"end":{"line":238,"column":null}},"87":{"start":{"line":241,"column":2},"end":{"line":241,"column":null}},"88":{"start":{"line":248,"column":15},"end":{"line":248,"column":42}},"89":{"start":{"line":249,"column":14},"end":{"line":249,"column":41}},"90":{"start":{"line":251,"column":19},"end":{"line":251,"column":21}},"91":{"start":{"line":252,"column":2},"end":{"line":256,"column":null}},"92":{"start":{"line":253,"column":4},"end":{"line":255,"column":null}},"93":{"start":{"line":254,"column":6},"end":{"line":254,"column":null}},"94":{"start":{"line":258,"column":20},"end":{"line":258,"column":21}},"95":{"start":{"line":259,"column":22},"end":{"line":259,"column":23}},"96":{"start":{"line":261,"column":2},"end":{"line":264,"column":null}},"97":{"start":{"line":262,"column":4},"end":{"line":262,"column":null}},"98":{"start":{"line":263,"column":4},"end":{"line":263,"column":null}},"99":{"start":{"line":266,"column":2},"end":{"line":282,"column":null}},"100":{"start":{"line":267,"column":4},"end":{"line":267,"column":null}},"101":{"start":{"line":268,"column":20},"end":{"line":268,"column":46}},"102":{"start":{"line":271,"column":21},"end":{"line":271,"column":67}},"103":{"start":{"line":272,"column":4},"end":{"line":272,"column":null}},"104":{"start":{"line":274,"column":4},"end":{"line":281,"column":null}},"105":{"start":{"line":275,"column":21},"end":{"line":275,"column":57}},"106":{"start":{"line":276,"column":6},"end":{"line":276,"column":null}},"107":{"start":{"line":277,"column":6},"end":{"line":277,"column":null}},"108":{"start":{"line":280,"column":6},"end":{"line":280,"column":null}},"109":{"start":{"line":284,"column":2},"end":{"line":284,"column":null}},"110":{"start":{"line":291,"column":20},"end":{"line":291,"column":22}},"111":{"start":{"line":293,"column":2},"end":{"line":303,"column":null}},"112":{"start":{"line":294,"column":4},"end":{"line":302,"column":null}},"113":{"start":{"line":295,"column":6},"end":{"line":301,"column":null}},"114":{"start":{"line":305,"column":14},"end":{"line":312,"column":14}},"115":{"start":{"line":308,"column":22},"end":{"line":310,"column":16}},"116":{"start":{"line":314,"column":2},"end":{"line":314,"column":null}}},"fnMap":{"0":{"name":"fetchCalibreConfig","decl":{"start":{"line":38,"column":15},"end":{"line":38,"column":33}},"loc":{"start":{"line":38,"column":36},"end":{"line":42,"column":null}},"line":38},"1":{"name":"getCachedConfig","decl":{"start":{"line":47,"column":15},"end":{"line":47,"column":30}},"loc":{"start":{"line":47,"column":33},"end":{"line":53,"column":null}},"line":47},"2":{"name":"getCachedConfigInfo","decl":{"start":{"line":58,"column":15},"end":{"line":58,"column":34}},"loc":{"start":{"line":58,"column":37},"end":{"line":65,"column":null}},"line":58},"3":{"name":"updateConfig","decl":{"start":{"line":70,"column":15},"end":{"line":70,"column":27}},"loc":{"start":{"line":70,"column":30},"end":{"line":88,"column":null}},"line":70},"4":{"name":"getLatestCalibreVersion","decl":{"start":{"line":93,"column":15},"end":{"line":93,"column":38}},"loc":{"start":{"line":93,"column":41},"end":{"line":100,"column":null}},"line":93},"5":{"name":"extractRules","decl":{"start":{"line":105,"column":9},"end":{"line":105,"column":21}},"loc":{"start":{"line":105,"column":37},"end":{"line":157,"column":null}},"line":105},"6":{"name":"getDefaultRules","decl":{"start":{"line":162,"column":9},"end":{"line":162,"column":24}},"loc":{"start":{"line":162,"column":27},"end":{"line":172,"column":null}},"line":162},"7":{"name":"validateCSS","decl":{"start":{"line":177,"column":15},"end":{"line":177,"column":26}},"loc":{"start":{"line":177,"column":51},"end":{"line":221,"column":null}},"line":177},"8":{"name":"(anonymous_8)","decl":{"start":{"line":206,"column":30},"end":{"line":206,"column":37}},"loc":{"start":{"line":206,"column":41},"end":{"line":209,"column":7}},"line":206},"9":{"name":"(anonymous_9)","decl":{"start":{"line":213,"column":72},"end":{"line":213,"column":73}},"loc":{"start":{"line":213,"column":77},"end":{"line":213,"column":99}},"line":213},"10":{"name":"(anonymous_10)","decl":{"start":{"line":214,"column":74},"end":{"line":214,"column":75}},"loc":{"start":{"line":214,"column":79},"end":{"line":214,"column":103}},"line":214},"11":{"name":"validateDirectory","decl":{"start":{"line":226,"column":15},"end":{"line":226,"column":32}},"loc":{"start":{"line":226,"column":56},"end":{"line":242,"column":null}},"line":226},"12":{"name":"validateEPUB","decl":{"start":{"line":247,"column":15},"end":{"line":247,"column":27}},"loc":{"start":{"line":247,"column":52},"end":{"line":285,"column":null}},"line":247},"13":{"name":"(anonymous_13)","decl":{"start":{"line":252,"column":14},"end":{"line":252,"column":15}},"loc":{"start":{"line":252,"column":38},"end":{"line":256,"column":3}},"line":252},"14":{"name":"(anonymous_14)","decl":{"start":{"line":280,"column":38},"end":{"line":280,"column":39}},"loc":{"start":{"line":280,"column":44},"end":{"line":280,"column":46}},"line":280},"15":{"name":"formatJUnit","decl":{"start":{"line":290,"column":9},"end":{"line":290,"column":20}},"loc":{"start":{"line":290,"column":39},"end":{"line":315,"column":null}},"line":290},"16":{"name":"(anonymous_16)","decl":{"start":{"line":308,"column":16},"end":{"line":308,"column":18}},"loc":{"start":{"line":308,"column":22},"end":{"line":310,"column":16}},"line":308}},"branchMap":{"0":{"loc":{"start":{"line":111,"column":4},"end":{"line":113,"column":null}},"type":"if","locations":[{"start":{"line":111,"column":4},"end":{"line":113,"column":null}},{"start":{},"end":{}}],"line":111},"1":{"loc":{"start":{"line":121,"column":11},"end":{"line":121,"column":63}},"type":"binary-expr","locations":[{"start":{"line":121,"column":11},"end":{"line":121,"column":35}},{"start":{"line":121,"column":39},"end":{"line":121,"column":63}}],"line":121},"2":{"loc":{"start":{"line":124,"column":4},"end":{"line":126,"column":null}},"type":"if","locations":[{"start":{"line":124,"column":4},"end":{"line":126,"column":null}},{"start":{},"end":{}}],"line":124},"3":{"loc":{"start":{"line":132,"column":11},"end":{"line":132,"column":48}},"type":"binary-expr","locations":[{"start":{"line":132,"column":11},"end":{"line":132,"column":35}},{"start":{"line":132,"column":39},"end":{"line":132,"column":48}}],"line":132},"4":{"loc":{"start":{"line":134,"column":6},"end":{"line":141,"column":null}},"type":"if","locations":[{"start":{"line":134,"column":6},"end":{"line":141,"column":null}},{"start":{"line":136,"column":13},"end":{"line":141,"column":null}}],"line":134},"5":{"loc":{"start":{"line":136,"column":13},"end":{"line":141,"column":null}},"type":"if","locations":[{"start":{"line":136,"column":13},"end":{"line":141,"column":null}},{"start":{},"end":{}}],"line":136},"6":{"loc":{"start":{"line":138,"column":8},"end":{"line":140,"column":null}},"type":"if","locations":[{"start":{"line":138,"column":8},"end":{"line":140,"column":null}},{"start":{},"end":{}}],"line":138},"7":{"loc":{"start":{"line":152,"column":4},"end":{"line":154,"column":null}},"type":"if","locations":[{"start":{"line":152,"column":4},"end":{"line":154,"column":null}},{"start":{},"end":{}}],"line":152},"8":{"loc":{"start":{"line":177,"column":37},"end":{"line":177,"column":49}},"type":"default-arg","locations":[{"start":{"line":177,"column":47},"end":{"line":177,"column":49}}],"line":177},"9":{"loc":{"start":{"line":180,"column":2},"end":{"line":188,"column":null}},"type":"if","locations":[{"start":{"line":180,"column":2},"end":{"line":188,"column":null}},{"start":{"line":184,"column":9},"end":{"line":188,"column":null}}],"line":180},"10":{"loc":{"start":{"line":186,"column":26},"end":{"line":186,"column":73}},"type":"binary-expr","locations":[{"start":{"line":186,"column":26},"end":{"line":186,"column":49}},{"start":{"line":186,"column":53},"end":{"line":186,"column":73}}],"line":186},"11":{"loc":{"start":{"line":193,"column":15},"end":{"line":193,"column":null}},"type":"cond-expr","locations":[{"start":{"line":193,"column":43},"end":{"line":193,"column":49}},{"start":{"line":193,"column":52},"end":{"line":193,"column":null}}],"line":193},"12":{"loc":{"start":{"line":198,"column":2},"end":{"line":211,"column":null}},"type":"if","locations":[{"start":{"line":198,"column":2},"end":{"line":211,"column":null}},{"start":{"line":200,"column":9},"end":{"line":211,"column":null}}],"line":198},"13":{"loc":{"start":{"line":200,"column":9},"end":{"line":211,"column":null}},"type":"if","locations":[{"start":{"line":200,"column":9},"end":{"line":211,"column":null}},{"start":{"line":202,"column":9},"end":{"line":211,"column":null}}],"line":200},"14":{"loc":{"start":{"line":204,"column":4},"end":{"line":210,"column":null}},"type":"if","locations":[{"start":{"line":204,"column":4},"end":{"line":210,"column":null}},{"start":{},"end":{}}],"line":204},"15":{"loc":{"start":{"line":204,"column":8},"end":{"line":204,"column":63}},"type":"binary-expr","locations":[{"start":{"line":204,"column":8},"end":{"line":204,"column":14}},{"start":{"line":204,"column":18},"end":{"line":204,"column":33}},{"start":{"line":204,"column":37},"end":{"line":204,"column":63}}],"line":204},"16":{"loc":{"start":{"line":205,"column":18},"end":{"line":205,"column":43}},"type":"binary-expr","locations":[{"start":{"line":205,"column":18},"end":{"line":205,"column":31}},{"start":{"line":205,"column":35},"end":{"line":205,"column":43}}],"line":205},"17":{"loc":{"start":{"line":207,"column":25},"end":{"line":207,"column":65}},"type":"cond-expr","locations":[{"start":{"line":207,"column":56},"end":{"line":207,"column":59}},{"start":{"line":207,"column":62},"end":{"line":207,"column":65}}],"line":207},"18":{"loc":{"start":{"line":213,"column":21},"end":{"line":213,"column":111}},"type":"cond-expr","locations":[{"start":{"line":213,"column":49},"end":{"line":213,"column":107}},{"start":{"line":213,"column":110},"end":{"line":213,"column":111}}],"line":213},"19":{"loc":{"start":{"line":213,"column":21},"end":{"line":213,"column":46}},"type":"binary-expr","locations":[{"start":{"line":213,"column":21},"end":{"line":213,"column":27}},{"start":{"line":213,"column":31},"end":{"line":213,"column":46}}],"line":213},"20":{"loc":{"start":{"line":214,"column":23},"end":{"line":214,"column":115}},"type":"cond-expr","locations":[{"start":{"line":214,"column":51},"end":{"line":214,"column":111}},{"start":{"line":214,"column":114},"end":{"line":214,"column":115}}],"line":214},"21":{"loc":{"start":{"line":214,"column":23},"end":{"line":214,"column":48}},"type":"binary-expr","locations":[{"start":{"line":214,"column":23},"end":{"line":214,"column":29}},{"start":{"line":214,"column":33},"end":{"line":214,"column":48}}],"line":214},"22":{"loc":{"start":{"line":226,"column":42},"end":{"line":226,"column":54}},"type":"default-arg","locations":[{"start":{"line":226,"column":52},"end":{"line":226,"column":54}}],"line":226},"23":{"loc":{"start":{"line":247,"column":38},"end":{"line":247,"column":50}},"type":"default-arg","locations":[{"start":{"line":247,"column":48},"end":{"line":247,"column":50}}],"line":247},"24":{"loc":{"start":{"line":253,"column":4},"end":{"line":255,"column":null}},"type":"if","locations":[{"start":{"line":253,"column":4},"end":{"line":255,"column":null}},{"start":{},"end":{}}],"line":253},"25":{"loc":{"start":{"line":253,"column":8},"end":{"line":253,"column":50}},"type":"binary-expr","locations":[{"start":{"line":253,"column":8},"end":{"line":253,"column":37}},{"start":{"line":253,"column":41},"end":{"line":253,"column":50}}],"line":253},"26":{"loc":{"start":{"line":261,"column":2},"end":{"line":264,"column":null}},"type":"if","locations":[{"start":{"line":261,"column":2},"end":{"line":264,"column":null}},{"start":{},"end":{}}],"line":261}},"s":{"0":3,"1":3,"2":3,"3":3,"4":3,"5":3,"6":3,"7":0,"8":0,"9":0,"10":12,"11":12,"12":0,"13":0,"14":0,"15":0,"16":0,"17":0,"18":0,"19":0,"20":0,"21":0,"22":0,"23":0,"24":0,"25":0,"26":0,"27":17,"28":17,"29":17,"30":2,"31":15,"32":15,"33":15,"34":15,"35":15,"36":15,"37":15,"38":0,"39":15,"40":15,"41":15,"42":25309,"43":25309,"44":27,"45":25282,"46":42,"47":42,"48":15,"49":25294,"50":25294,"51":15,"52":15,"53":15,"54":0,"55":0,"56":0,"57":0,"58":2,"59":12,"60":0,"61":0,"62":12,"63":0,"64":12,"65":11,"66":11,"67":2,"68":9,"69":2,"70":7,"71":7,"72":7,"73":22,"74":22,"75":11,"76":32,"77":12,"78":32,"79":12,"80":0,"81":0,"82":0,"83":0,"84":0,"85":0,"86":0,"87":0,"88":5,"89":4,"90":4,"91":4,"92":1020,"93":3,"94":4,"95":4,"96":4,"97":1,"98":1,"99":3,"100":3,"101":3,"102":3,"103":3,"104":3,"105":3,"106":3,"107":3,"108":3,"109":3,"110":2,"111":2,"112":2,"113":5,"114":2,"115":5,"116":2},"f":{"0":0,"1":12,"2":0,"3":0,"4":0,"5":17,"6":2,"7":12,"8":22,"9":32,"10":32,"11":0,"12":5,"13":1020,"14":0,"15":2,"16":5},"b":{"0":[2,15],"1":[15,30],"2":[0,15],"3":[15,25309],"4":[27,25282],"5":[42,25240],"6":[15,27],"7":[0,0],"8":[12],"9":[0,12],"10":[12,0],"11":[2,10],"12":[2,9],"13":[2,7],"14":[7,0],"15":[7,7,7],"16":[7,0],"17":[22,0],"18":[11,0],"19":[11,11],"20":[11,0],"21":[12,11],"22":[0],"23":[5],"24":[3,1017],"25":[1020,3],"26":[1,3]},"meta":{"lastBranch":27,"lastFunction":17,"lastStatement":117,"seen":{"s:26:18:26:49":0,"s:27:18:27:42":1,"s:29:21:29:41":2,"s:30:20:30:44":3,"s:31:18:31:51":4,"s:32:19:32:63":5,"s:33:24:33:63":6,"f:38:15:38:33":0,"s:39:14:39:87":7,"s:40:19:40:39":8,"s:41:2:41:Infinity":9,"f:47:15:47:30":1,"s:48:2:52:Infinity":10,"s:49:4:49:Infinity":11,"s:51:4:51:Infinity":12,"f:58:15:58:34":2,"s:59:2:64:Infinity":13,"s:60:17:60:60":14,"s:61:4:61:Infinity":15,"s:63:4:63:Infinity":16,"f:70:15:70:27":3,"s:71:17:71:43":17,"s:74:2:74:Infinity":18,"s:77:2:77:Infinity":19,"s:80:15:84:3":20,"s:85:2:85:Infinity":21,"s:87:2:87:Infinity":22,"f:93:15:93:38":4,"s:94:2:99:Infinity":23,"s:95:21:95:99":24,"s:96:4:96:Infinity":25,"s:98:4:98:Infinity":26,"f:105:9:105:21":5,"s:106:2:156:Infinity":27,"s:110:23:110:54":28,"b:111:4:113:Infinity:undefined:undefined:undefined:undefined":0,"s:111:4:113:Infinity":29,"s:112:6:112:Infinity":30,"s:115:16:115:17":31,"s:116:18:116:23":32,"s:117:23:117:25":33,"s:118:12:118:26":34,"s:121:4:123:Infinity":35,"b:121:11:121:35:121:39:121:63":1,"s:122:6:122:Infinity":36,"b:124:4:126:Infinity:undefined:undefined:undefined:undefined":2,"s:124:4:126:Infinity":37,"s:125:6:125:Infinity":38,"s:128:4:128:Infinity":39,"s:129:4:129:8":40,"s:132:4:144:Infinity":41,"b:132:11:132:35:132:39:132:48":3,"s:133:19:133:35":42,"b:134:6:141:Infinity:136:13:141:Infinity":4,"s:134:6:141:Infinity":43,"s:135:8:135:Infinity":44,"b:136:13:141:Infinity:undefined:undefined:undefined:undefined":5,"s:136:13:141:Infinity":45,"s:137:8:137:Infinity":46,"b:138:8:140:Infinity:undefined:undefined:undefined:undefined":6,"s:138:8:140:Infinity":47,"s:139:10:139:Infinity":48,"s:142:6:142:Infinity":49,"s:143:6:143:Infinity":50,"s:147:21:147:40":51,"s:148:18:148:54":52,"s:149:4:149:Infinity":53,"s:151:4:151:Infinity":54,"b:152:4:154:Infinity:undefined:undefined:undefined:undefined":7,"s:152:4:154:Infinity":55,"s:153:6:153:Infinity":56,"s:155:4:155:Infinity":57,"f:162:9:162:24":6,"s:163:2:171:Infinity":58,"f:177:15:177:26":7,"b:177:47:177:49":8,"b:180:2:188:Infinity:184:9:188:Infinity":9,"s:180:2:188:Infinity":59,"s:182:32:182:74":60,"s:183:4:183:Infinity":61,"s:186:26:186:73":62,"b:186:26:186:49:186:53:186:73":10,"s:187:4:187:Infinity":63,"s:190:17:194:4":64,"b:193:43:193:49:193:52:193:Infinity":11,"s:196:17:196:34":65,"b:198:2:211:Infinity:200:9:211:Infinity":12,"s:198:2:211:Infinity":66,"s:199:4:199:Infinity":67,"b:200:9:211:Infinity:202:9:211:Infinity":13,"s:200:9:211:Infinity":68,"s:201:4:201:Infinity":69,"b:204:4:210:Infinity:undefined:undefined:undefined:undefined":14,"s:204:4:210:Infinity":70,"b:204:8:204:14:204:18:204:33:204:37:204:63":15,"s:205:6:205:Infinity":71,"b:205:18:205:31:205:35:205:43":16,"s:206:6:209:Infinity":72,"f:206:30:206:37":8,"s:207:25:207:65":73,"b:207:56:207:59:207:62:207:65":17,"s:208:8:208:Infinity":74,"s:213:21:213:111":75,"b:213:49:213:107:213:110:213:111":18,"b:213:21:213:27:213:31:213:46":19,"f:213:72:213:73":9,"s:213:77:213:99":76,"s:214:23:214:115":77,"b:214:51:214:111:214:114:214:115":20,"b:214:23:214:29:214:33:214:48":21,"f:214:74:214:75":10,"s:214:79:214:103":78,"s:216:2:220:Infinity":79,"f:226:15:226:32":11,"b:226:52:226:54":22,"s:227:19:230:4":80,"s:232:20:232:21":81,"s:233:22:233:23":82,"s:235:2:239:Infinity":83,"s:236:19:236:51":84,"s:237:4:237:Infinity":85,"s:238:4:238:Infinity":86,"s:241:2:241:Infinity":87,"f:247:15:247:27":12,"b:247:48:247:50":23,"s:248:15:248:42":88,"s:249:14:249:41":89,"s:251:19:251:21":90,"s:252:2:256:Infinity":91,"f:252:14:252:15":13,"b:253:4:255:Infinity:undefined:undefined:undefined:undefined":24,"s:253:4:255:Infinity":92,"b:253:8:253:37:253:41:253:50":25,"s:254:6:254:Infinity":93,"s:258:20:258:21":94,"s:259:22:259:23":95,"b:261:2:264:Infinity:undefined:undefined:undefined:undefined":26,"s:261:2:264:Infinity":96,"s:262:4:262:Infinity":97,"s:263:4:263:Infinity":98,"s:266:2:282:Infinity":99,"s:267:4:267:Infinity":100,"s:268:20:268:46":101,"s:271:21:271:67":102,"s:272:4:272:Infinity":103,"s:274:4:281:Infinity":104,"s:275:21:275:57":105,"s:276:6:276:Infinity":106,"s:277:6:277:Infinity":107,"s:280:6:280:Infinity":108,"f:280:38:280:39":14,"s:284:2:284:Infinity":109,"f:290:9:290:20":15,"s:291:20:291:22":110,"s:293:2:303:Infinity":111,"s:294:4:302:Infinity":112,"s:295:6:301:Infinity":113,"s:305:14:312:14":114,"f:308:16:308:18":16,"s:308:22:310:16":115,"s:314:2:314:Infinity":116}}}
}
